Using pre-set license
Built from '2021.1/staging' branch; Version is '2021.1.5f1 (3737af19df53) revision 3618735'; Using compiler version '192528614'; Build Type 'Release'
OS: 'Windows 10 Home Single Language; OS build 19042.1083; Version 2009; 64bit' Language: 'pt' Physical Memory: 8083 MB
BatchMode: 1, IsHumanControllingUs: 0, StartBugReporterOnCrash: 0, Is64bit: 1, IsPro: 0

 COMMAND LINE ARGUMENTS:
C:\Program Files\Unity\Hub\Editor\2021.1.5f1\Editor\Unity.exe
-adb2
-batchMode
-noUpm
-name
AssetImportWorker3
-projectPath
C:/Users/codeb/Desktop/Arquivos/Curso Jogos Digitais/Jogo-Runner-Rayman
-logFile
Logs/AssetImportWorker3.log
-srvPort
54276
Successfully changed project path to: C:/Users/codeb/Desktop/Arquivos/Curso Jogos Digitais/Jogo-Runner-Rayman
C:/Users/codeb/Desktop/Arquivos/Curso Jogos Digitais/Jogo-Runner-Rayman
Using Asset Import Pipeline V2.
Refreshing native plugins compatible for Editor in 319.40 ms, found 2 plugins.
Preloading 0 native plugins for Editor in 0.00 ms.
Initialize engine version: 2021.1.5f1 (3737af19df53)
[Subsystems] Discovering subsystems at path C:/Program Files/Unity/Hub/Editor/2021.1.5f1/Editor/Data/Resources/UnitySubsystems
[Subsystems] Discovering subsystems at path C:/Users/codeb/Desktop/Arquivos/Curso Jogos Digitais/Jogo-Runner-Rayman/Assets
GfxDevice: creating device client; threaded=0; jobified=0
Direct3D:
    Version:  Direct3D 11.0 [level 11.0]
    Renderer: NVIDIA GeForce MX110 (ID=0x174e)
    Vendor:   NVIDIA
    VRAM:     2010 MB
    Driver:   27.21.14.5167
Initialize mono
Mono path[0] = 'C:/Program Files/Unity/Hub/Editor/2021.1.5f1/Editor/Data/Managed'
Mono path[1] = 'C:/Program Files/Unity/Hub/Editor/2021.1.5f1/Editor/Data/MonoBleedingEdge/lib/mono/unityjit'
Mono config path = 'C:/Program Files/Unity/Hub/Editor/2021.1.5f1/Editor/Data/MonoBleedingEdge/etc'
Using monoOptions --debugger-agent=transport=dt_socket,embedding=1,server=y,suspend=n,address=127.0.0.1:56308
Begin MonoManager ReloadAssembly
Registering precompiled unity dll's ...
Register platform support module: C:/Program Files/Unity/Hub/Editor/2021.1.5f1/Editor/Data/PlaybackEngines/WebGLSupport/UnityEditor.WebGL.Extensions.dll
Register platform support module: C:/Program Files/Unity/Hub/Editor/2021.1.5f1/Editor/Data/PlaybackEngines/WindowsStandaloneSupport/UnityEditor.WindowsStandalone.Extensions.dll
Registered in 0.006227 seconds.
Native extension for WindowsStandalone target not found
Native extension for WebGL target not found
Refreshing native plugins compatible for Editor in 279.45 ms, found 2 plugins.
Preloading 0 native plugins for Editor in 0.00 ms.
Mono: successfully reloaded assembly
- Completed reload, in  6.086 seconds
Platform modules already initialized, skipping
Registering precompiled user dll's ...
Registered in 0.007348 seconds.
Begin MonoManager ReloadAssembly
Symbol file LoadedFromMemory doesn't match image C:\Users\codeb\Desktop\Arquivos\Curso Jogos Digitais\Jogo-Runner-Rayman\Library\PackageCache\com.unity.visualscripting@1.6.1\Editor\VisualScripting.Core\Dependencies\YamlDotNet\Unity.VisualScripting.YamlDotNet.dll
Symbol file LoadedFromMemory doesn't match image C:\Users\codeb\Desktop\Arquivos\Curso Jogos Digitais\Jogo-Runner-Rayman\Library\PackageCache\com.unity.visualscripting@1.6.1\Editor\VisualScripting.Core\Dependencies\DotNetZip\Unity.VisualScripting.IonicZip.dll
Native extension for WindowsStandalone target not found
Native extension for WebGL target not found
Refreshing native plugins compatible for Editor in 261.00 ms, found 2 plugins.
Preloading 0 native plugins for Editor in 0.00 ms.
Mono: successfully reloaded assembly
- Completed reload, in  3.092 seconds
Platform modules already initialized, skipping
========================================================================
Worker process is ready to serve import requests
Launched and connected shader compiler UnityShaderCompiler.exe after 0.52 seconds
Refreshing native plugins compatible for Editor in 1.94 ms, found 2 plugins.
Preloading 0 native plugins for Editor in 0.00 ms.
Unloading 3385 Unused Serialized files (Serialized files now loaded: 0)
System memory in use before: 128.1 MB.
System memory in use after: 128.3 MB.

Unloading 23 unused Assets to reduce memory usage. Loaded Objects now: 3844.
Total: 7.908600 ms (FindLiveObjects: 0.692400 ms CreateObjectMapping: 0.652400 ms MarkObjects: 6.378800 ms  DeleteObjects: 0.181400 ms)

========================================================================
Received Import Request.
  path: Assets/Scenes/Level1.unity
  artifactKey: Guid(2cda990e2423bbf4892e6590ba056729) Importer(815301076,1909f56bfc062723c751e8b465ee728b)
Start importing Assets/Scenes/Level1.unity using Guid(2cda990e2423bbf4892e6590ba056729) Importer(815301076,1909f56bfc062723c751e8b465ee728b)  -> (artifact id: '9978c9fcdce9e101e9f67be02fed5306') in 0.093967 seconds 
========================================================================
Received Import Request.
  Time since last request: 649.423611 seconds.
  path: Assets/Scenes/Level2.unity
  artifactKey: Guid(a8422f597a0916a439343895433af2af) Importer(815301076,1909f56bfc062723c751e8b465ee728b)
Start importing Assets/Scenes/Level2.unity using Guid(a8422f597a0916a439343895433af2af) Importer(815301076,1909f56bfc062723c751e8b465ee728b)  -> (artifact id: 'fac016af5dfe8135780077a6ca297ae0') in 0.019144 seconds 
========================================================================
Received Prepare
Registering precompiled user dll's ...
Registered in 0.037325 seconds.
Begin MonoManager ReloadAssembly
Symbol file LoadedFromMemory doesn't match image C:\Users\codeb\Desktop\Arquivos\Curso Jogos Digitais\Jogo-Runner-Rayman\Library\PackageCache\com.unity.visualscripting@1.6.1\Editor\VisualScripting.Core\Dependencies\YamlDotNet\Unity.VisualScripting.YamlDotNet.dll
Symbol file LoadedFromMemory doesn't match image C:\Users\codeb\Desktop\Arquivos\Curso Jogos Digitais\Jogo-Runner-Rayman\Library\PackageCache\com.unity.visualscripting@1.6.1\Editor\VisualScripting.Core\Dependencies\DotNetZip\Unity.VisualScripting.IonicZip.dll
Native extension for WindowsStandalone target not found
Native extension for WebGL target not found
Refreshing native plugins compatible for Editor in 1.84 ms, found 2 plugins.
Preloading 0 native plugins for Editor in 0.00 ms.
Mono: successfully reloaded assembly
- Completed reload, in  4.285 seconds
Platform modules already initialized, skipping
Refreshing native plugins compatible for Editor in 1.18 ms, found 2 plugins.
Preloading 0 native plugins for Editor in 0.00 ms.
Unloading 3375 Unused Serialized files (Serialized files now loaded: 0)
System memory in use before: 127.6 MB.
System memory in use after: 127.8 MB.

Unloading 11 unused Assets to reduce memory usage. Loaded Objects now: 3848.
Total: 8.065000 ms (FindLiveObjects: 1.526500 ms CreateObjectMapping: 0.611700 ms MarkObjects: 5.878800 ms  DeleteObjects: 0.044100 ms)

========================================================================
Received Prepare
Registering precompiled user dll's ...
Registered in 0.010595 seconds.
Begin MonoManager ReloadAssembly
Symbol file LoadedFromMemory doesn't match image C:\Users\codeb\Desktop\Arquivos\Curso Jogos Digitais\Jogo-Runner-Rayman\Library\PackageCache\com.unity.visualscripting@1.6.1\Editor\VisualScripting.Core\Dependencies\YamlDotNet\Unity.VisualScripting.YamlDotNet.dll
Symbol file LoadedFromMemory doesn't match image C:\Users\codeb\Desktop\Arquivos\Curso Jogos Digitais\Jogo-Runner-Rayman\Library\PackageCache\com.unity.visualscripting@1.6.1\Editor\VisualScripting.Core\Dependencies\DotNetZip\Unity.VisualScripting.IonicZip.dll
Native extension for WindowsStandalone target not found
Native extension for WebGL target not found
Refreshing native plugins compatible for Editor in 1.86 ms, found 2 plugins.
Preloading 0 native plugins for Editor in 0.00 ms.
Mono: successfully reloaded assembly
- Completed reload, in  3.079 seconds
Platform modules already initialized, skipping
Refreshing native plugins compatible for Editor in 1.21 ms, found 2 plugins.
Preloading 0 native plugins for Editor in 0.00 ms.
Unloading 3375 Unused Serialized files (Serialized files now loaded: 0)
System memory in use before: 127.7 MB.
System memory in use after: 127.9 MB.

Unloading 11 unused Assets to reduce memory usage. Loaded Objects now: 3852.
Total: 6.008600 ms (FindLiveObjects: 0.489100 ms CreateObjectMapping: 0.357000 ms MarkObjects: 5.092500 ms  DeleteObjects: 0.067000 ms)

========================================================================
Received Prepare
Registering precompiled user dll's ...
Registered in 0.002841 seconds.
Begin MonoManager ReloadAssembly
Symbol file LoadedFromMemory doesn't match image C:\Users\codeb\Desktop\Arquivos\Curso Jogos Digitais\Jogo-Runner-Rayman\Library\PackageCache\com.unity.visualscripting@1.6.1\Editor\VisualScripting.Core\Dependencies\YamlDotNet\Unity.VisualScripting.YamlDotNet.dll
Symbol file LoadedFromMemory doesn't match image C:\Users\codeb\Desktop\Arquivos\Curso Jogos Digitais\Jogo-Runner-Rayman\Library\PackageCache\com.unity.visualscripting@1.6.1\Editor\VisualScripting.Core\Dependencies\DotNetZip\Unity.VisualScripting.IonicZip.dll
Native extension for WindowsStandalone target not found
Native extension for WebGL target not found
Refreshing native plugins compatible for Editor in 0.77 ms, found 2 plugins.
Preloading 0 native plugins for Editor in 0.00 ms.
Mono: successfully reloaded assembly
- Completed reload, in  1.176 seconds
Platform modules already initialized, skipping
Refreshing native plugins compatible for Editor in 0.72 ms, found 2 plugins.
Preloading 0 native plugins for Editor in 0.00 ms.
Unloading 3375 Unused Serialized files (Serialized files now loaded: 0)
System memory in use before: 127.7 MB.
System memory in use after: 127.9 MB.

Unloading 11 unused Assets to reduce memory usage. Loaded Objects now: 3856.
Total: 2.554600 ms (FindLiveObjects: 0.286000 ms CreateObjectMapping: 0.158800 ms MarkObjects: 2.068800 ms  DeleteObjects: 0.039300 ms)

========================================================================
Received Prepare
Registering precompiled user dll's ...
Registered in 0.002845 seconds.
Begin MonoManager ReloadAssembly
Symbol file LoadedFromMemory doesn't match image C:\Users\codeb\Desktop\Arquivos\Curso Jogos Digitais\Jogo-Runner-Rayman\Library\PackageCache\com.unity.visualscripting@1.6.1\Editor\VisualScripting.Core\Dependencies\YamlDotNet\Unity.VisualScripting.YamlDotNet.dll
Symbol file LoadedFromMemory doesn't match image C:\Users\codeb\Desktop\Arquivos\Curso Jogos Digitais\Jogo-Runner-Rayman\Library\PackageCache\com.unity.visualscripting@1.6.1\Editor\VisualScripting.Core\Dependencies\DotNetZip\Unity.VisualScripting.IonicZip.dll
Native extension for WindowsStandalone target not found
Native extension for WebGL target not found
Refreshing native plugins compatible for Editor in 0.77 ms, found 2 plugins.
Preloading 0 native plugins for Editor in 0.00 ms.
Mono: successfully reloaded assembly
- Completed reload, in  1.260 seconds
Platform modules already initialized, skipping
Refreshing native plugins compatible for Editor in 1.19 ms, found 2 plugins.
Preloading 0 native plugins for Editor in 0.00 ms.
Unloading 3375 Unused Serialized files (Serialized files now loaded: 0)
System memory in use before: 127.7 MB.
System memory in use after: 128.0 MB.

Unloading 11 unused Assets to reduce memory usage. Loaded Objects now: 3860.
Total: 3.518700 ms (FindLiveObjects: 0.317600 ms CreateObjectMapping: 0.313500 ms MarkObjects: 2.844100 ms  DeleteObjects: 0.042200 ms)

========================================================================
Received Prepare
Registering precompiled user dll's ...
Registered in 0.002676 seconds.
Begin MonoManager ReloadAssembly
Symbol file LoadedFromMemory doesn't match image C:\Users\codeb\Desktop\Arquivos\Curso Jogos Digitais\Jogo-Runner-Rayman\Library\PackageCache\com.unity.visualscripting@1.6.1\Editor\VisualScripting.Core\Dependencies\YamlDotNet\Unity.VisualScripting.YamlDotNet.dll
Symbol file LoadedFromMemory doesn't match image C:\Users\codeb\Desktop\Arquivos\Curso Jogos Digitais\Jogo-Runner-Rayman\Library\PackageCache\com.unity.visualscripting@1.6.1\Editor\VisualScripting.Core\Dependencies\DotNetZip\Unity.VisualScripting.IonicZip.dll
Native extension for WindowsStandalone target not found
Native extension for WebGL target not found
Refreshing native plugins compatible for Editor in 0.84 ms, found 2 plugins.
Preloading 0 native plugins for Editor in 0.00 ms.
Mono: successfully reloaded assembly
- Completed reload, in  1.107 seconds
Platform modules already initialized, skipping
Refreshing native plugins compatible for Editor in 0.75 ms, found 2 plugins.
Preloading 0 native plugins for Editor in 0.00 ms.
Unloading 3375 Unused Serialized files (Serialized files now loaded: 0)
System memory in use before: 127.7 MB.
System memory in use after: 128.0 MB.

Unloading 11 unused Assets to reduce memory usage. Loaded Objects now: 3864.
Total: 2.884900 ms (FindLiveObjects: 0.266200 ms CreateObjectMapping: 0.176700 ms MarkObjects: 2.402300 ms  DeleteObjects: 0.038400 ms)

========================================================================
Received Prepare
Registering precompiled user dll's ...
Registered in 0.007422 seconds.
Begin MonoManager ReloadAssembly
Symbol file LoadedFromMemory doesn't match image C:\Users\codeb\Desktop\Arquivos\Curso Jogos Digitais\Jogo-Runner-Rayman\Library\PackageCache\com.unity.visualscripting@1.6.1\Editor\VisualScripting.Core\Dependencies\YamlDotNet\Unity.VisualScripting.YamlDotNet.dll
Symbol file LoadedFromMemory doesn't match image C:\Users\codeb\Desktop\Arquivos\Curso Jogos Digitais\Jogo-Runner-Rayman\Library\PackageCache\com.unity.visualscripting@1.6.1\Editor\VisualScripting.Core\Dependencies\DotNetZip\Unity.VisualScripting.IonicZip.dll
Native extension for WindowsStandalone target not found
Native extension for WebGL target not found
Refreshing native plugins compatible for Editor in 1.66 ms, found 2 plugins.
Preloading 0 native plugins for Editor in 0.00 ms.
Mono: successfully reloaded assembly
- Completed reload, in  1.847 seconds
Platform modules already initialized, skipping
Refreshing native plugins compatible for Editor in 0.81 ms, found 2 plugins.
Preloading 0 native plugins for Editor in 0.00 ms.
Unloading 3375 Unused Serialized files (Serialized files now loaded: 0)
System memory in use before: 127.7 MB.
System memory in use after: 128.0 MB.

Unloading 11 unused Assets to reduce memory usage. Loaded Objects now: 3868.
Total: 6.956900 ms (FindLiveObjects: 0.917200 ms CreateObjectMapping: 1.584100 ms MarkObjects: 4.422600 ms  DeleteObjects: 0.031100 ms)

========================================================================
Received Prepare
Registering precompiled user dll's ...
Registered in 0.002686 seconds.
Begin MonoManager ReloadAssembly
Symbol file LoadedFromMemory doesn't match image C:\Users\codeb\Desktop\Arquivos\Curso Jogos Digitais\Jogo-Runner-Rayman\Library\PackageCache\com.unity.visualscripting@1.6.1\Editor\VisualScripting.Core\Dependencies\YamlDotNet\Unity.VisualScripting.YamlDotNet.dll
Symbol file LoadedFromMemory doesn't match image C:\Users\codeb\Desktop\Arquivos\Curso Jogos Digitais\Jogo-Runner-Rayman\Library\PackageCache\com.unity.visualscripting@1.6.1\Editor\VisualScripting.Core\Dependencies\DotNetZip\Unity.VisualScripting.IonicZip.dll
Native extension for WindowsStandalone target not found
Native extension for WebGL target not found
Refreshing native plugins compatible for Editor in 0.62 ms, found 2 plugins.
Preloading 0 native plugins for Editor in 0.00 ms.
Mono: successfully reloaded assembly
- Completed reload, in  1.003 seconds
Platform modules already initialized, skipping
Refreshing native plugins compatible for Editor in 0.62 ms, found 2 plugins.
Preloading 0 native plugins for Editor in 0.00 ms.
Unloading 3375 Unused Serialized files (Serialized files now loaded: 0)
System memory in use before: 127.8 MB.
System memory in use after: 128.0 MB.

Unloading 11 unused Assets to reduce memory usage. Loaded Objects now: 3872.
Total: 2.469500 ms (FindLiveObjects: 0.262200 ms CreateObjectMapping: 0.147000 ms MarkObjects: 2.038500 ms  DeleteObjects: 0.021000 ms)

========================================================================
Received Prepare
Registering precompiled user dll's ...
Registered in 0.002819 seconds.
Begin MonoManager ReloadAssembly
Symbol file LoadedFromMemory doesn't match image C:\Users\codeb\Desktop\Arquivos\Curso Jogos Digitais\Jogo-Runner-Rayman\Library\PackageCache\com.unity.visualscripting@1.6.1\Editor\VisualScripting.Core\Dependencies\YamlDotNet\Unity.VisualScripting.YamlDotNet.dll
Symbol file LoadedFromMemory doesn't match image C:\Users\codeb\Desktop\Arquivos\Curso Jogos Digitais\Jogo-Runner-Rayman\Library\PackageCache\com.unity.visualscripting@1.6.1\Editor\VisualScripting.Core\Dependencies\DotNetZip\Unity.VisualScripting.IonicZip.dll
Native extension for WindowsStandalone target not found
Native extension for WebGL target not found
Refreshing native plugins compatible for Editor in 0.68 ms, found 2 plugins.
Preloading 0 native plugins for Editor in 0.00 ms.
Mono: successfully reloaded assembly
- Completed reload, in  1.077 seconds
Platform modules already initialized, skipping
Refreshing native plugins compatible for Editor in 0.68 ms, found 2 plugins.
Preloading 0 native plugins for Editor in 0.00 ms.
Unloading 3375 Unused Serialized files (Serialized files now loaded: 0)
System memory in use before: 127.8 MB.
System memory in use after: 128.0 MB.

Unloading 11 unused Assets to reduce memory usage. Loaded Objects now: 3876.
Total: 2.795200 ms (FindLiveObjects: 0.369700 ms CreateObjectMapping: 0.211700 ms MarkObjects: 2.187100 ms  DeleteObjects: 0.025500 ms)

========================================================================
Received Prepare
Registering precompiled user dll's ...
Registered in 0.002673 seconds.
Begin MonoManager ReloadAssembly
Symbol file LoadedFromMemory doesn't match image C:\Users\codeb\Desktop\Arquivos\Curso Jogos Digitais\Jogo-Runner-Rayman\Library\PackageCache\com.unity.visualscripting@1.6.1\Editor\VisualScripting.Core\Dependencies\YamlDotNet\Unity.VisualScripting.YamlDotNet.dll
Symbol file LoadedFromMemory doesn't match image C:\Users\codeb\Desktop\Arquivos\Curso Jogos Digitais\Jogo-Runner-Rayman\Library\PackageCache\com.unity.visualscripting@1.6.1\Editor\VisualScripting.Core\Dependencies\DotNetZip\Unity.VisualScripting.IonicZip.dll
Native extension for WindowsStandalone target not found
Native extension for WebGL target not found
Refreshing native plugins compatible for Editor in 0.76 ms, found 2 plugins.
Preloading 0 native plugins for Editor in 0.00 ms.
Mono: successfully reloaded assembly
- Completed reload, in  1.070 seconds
Platform modules already initialized, skipping
Refreshing native plugins compatible for Editor in 0.65 ms, found 2 plugins.
Preloading 0 native plugins for Editor in 0.00 ms.
Unloading 3375 Unused Serialized files (Serialized files now loaded: 0)
System memory in use before: 127.8 MB.
System memory in use after: 128.0 MB.

Unloading 11 unused Assets to reduce memory usage. Loaded Objects now: 3880.
Total: 2.491600 ms (FindLiveObjects: 0.267500 ms CreateObjectMapping: 0.165400 ms MarkObjects: 2.030600 ms  DeleteObjects: 0.027300 ms)

========================================================================
Received Prepare
Registering precompiled user dll's ...
Registered in 0.002699 seconds.
Begin MonoManager ReloadAssembly
Symbol file LoadedFromMemory doesn't match image C:\Users\codeb\Desktop\Arquivos\Curso Jogos Digitais\Jogo-Runner-Rayman\Library\PackageCache\com.unity.visualscripting@1.6.1\Editor\VisualScripting.Core\Dependencies\YamlDotNet\Unity.VisualScripting.YamlDotNet.dll
Symbol file LoadedFromMemory doesn't match image C:\Users\codeb\Desktop\Arquivos\Curso Jogos Digitais\Jogo-Runner-Rayman\Library\PackageCache\com.unity.visualscripting@1.6.1\Editor\VisualScripting.Core\Dependencies\DotNetZip\Unity.VisualScripting.IonicZip.dll
Native extension for WindowsStandalone target not found
Native extension for WebGL target not found
Refreshing native plugins compatible for Editor in 0.89 ms, found 2 plugins.
Preloading 0 native plugins for Editor in 0.00 ms.
Mono: successfully reloaded assembly
- Completed reload, in  1.006 seconds
Platform modules already initialized, skipping
Refreshing native plugins compatible for Editor in 0.71 ms, found 2 plugins.
Preloading 0 native plugins for Editor in 0.00 ms.
Unloading 3375 Unused Serialized files (Serialized files now loaded: 0)
System memory in use before: 127.8 MB.
System memory in use after: 128.0 MB.

Unloading 11 unused Assets to reduce memory usage. Loaded Objects now: 3884.
Total: 2.528300 ms (FindLiveObjects: 0.268200 ms CreateObjectMapping: 0.141200 ms MarkObjects: 2.098700 ms  DeleteObjects: 0.019200 ms)

========================================================================
Received Import Request.
  Time since last request: 7734.493042 seconds.
  path: Assets/Scenes/Level3.unity
  artifactKey: Guid(acc10e3ef5b35e44ba0a5094bb8d1977) Importer(815301076,1909f56bfc062723c751e8b465ee728b)
Start importing Assets/Scenes/Level3.unity using Guid(acc10e3ef5b35e44ba0a5094bb8d1977) Importer(815301076,1909f56bfc062723c751e8b465ee728b)  -> (artifact id: '9845725e25b19273975f84b473faf94e') in 0.017893 seconds 
========================================================================
Received Import Request.
  Time since last request: 526.083619 seconds.
  path: Assets/Sprites/signLeft.png
  artifactKey: Guid(c932acce27e84e4488df00482c4a7972) Importer(815301076,1909f56bfc062723c751e8b465ee728b)
Start importing Assets/Sprites/signLeft.png using Guid(c932acce27e84e4488df00482c4a7972) Importer(815301076,1909f56bfc062723c751e8b465ee728b)  -> (artifact id: 'fb881958bc9a5b572b59d50b3efa591d') in 0.761244 seconds 
========================================================================
Received Import Request.
  Time since last request: 489.766981 seconds.
  path: Assets/Sprites/liquidWater.png
  artifactKey: Guid(833b0877f4c7a0441b4f3f18c78b836b) Importer(815301076,1909f56bfc062723c751e8b465ee728b)
Start importing Assets/Sprites/liquidWater.png using Guid(833b0877f4c7a0441b4f3f18c78b836b) Importer(815301076,1909f56bfc062723c751e8b465ee728b)  -> (artifact id: 'fbaa4a9e3091020740377df8399d5b70') in 0.097842 seconds 
========================================================================
Received Import Request.
  Time since last request: 2082.403090 seconds.
  path: Assets/Scenes/Creditos.unity
  artifactKey: Guid(ed093d215a98968429fda3e05d268235) Importer(815301076,1909f56bfc062723c751e8b465ee728b)
Start importing Assets/Scenes/Creditos.unity using Guid(ed093d215a98968429fda3e05d268235) Importer(815301076,1909f56bfc062723c751e8b465ee728b)  -> (artifact id: '44088e0375d990973f042816aa792fc5') in 0.009316 seconds 
========================================================================
Received Import Request.
  Time since last request: 115.374551 seconds.
  path: Assets/Scenes/Creditos.unity
  artifactKey: Guid(ed093d215a98968429fda3e05d268235) Importer(815301076,1909f56bfc062723c751e8b465ee728b)
Start importing Assets/Scenes/Creditos.unity using Guid(ed093d215a98968429fda3e05d268235) Importer(815301076,1909f56bfc062723c751e8b465ee728b)  -> (artifact id: '129d413248d24733bd39ae420d926bfe') in 0.005489 seconds 
========================================================================
Received Import Request.
  Time since last request: 2.170646 seconds.
  path: Assets/Scenes/Level2.unity
  artifactKey: Guid(a8422f597a0916a439343895433af2af) Importer(815301076,1909f56bfc062723c751e8b465ee728b)
Start importing Assets/Scenes/Level2.unity using Guid(a8422f597a0916a439343895433af2af) Importer(815301076,1909f56bfc062723c751e8b465ee728b)  -> (artifact id: '60ffe78acb262bc36bdb0544725bf64a') in 0.011893 seconds 
========================================================================
Received Import Request.
  Time since last request: 0.600542 seconds.
  path: Assets/Scenes/Level3.unity
  artifactKey: Guid(acc10e3ef5b35e44ba0a5094bb8d1977) Importer(815301076,1909f56bfc062723c751e8b465ee728b)
Start importing Assets/Scenes/Level3.unity using Guid(acc10e3ef5b35e44ba0a5094bb8d1977) Importer(815301076,1909f56bfc062723c751e8b465ee728b)  -> (artifact id: '02ee419b7c0bf496c919a65033f89b5b') in 0.046205 seconds 
========================================================================
Received Import Request.
  Time since last request: 1.229567 seconds.
  path: Assets/Scenes/RESULTADO.unity
  artifactKey: Guid(135f32c41f535874e8fc5b3e06d59be7) Importer(815301076,1909f56bfc062723c751e8b465ee728b)
Start importing Assets/Scenes/RESULTADO.unity using Guid(135f32c41f535874e8fc5b3e06d59be7) Importer(815301076,1909f56bfc062723c751e8b465ee728b)  -> (artifact id: '255271fde3f1229360d4f5004cdab082') in 0.010881 seconds 
========================================================================
Received Import Request.
  Time since last request: 49.900442 seconds.
  path: Assets/Sprites/Rubson_Lima.jpeg
  artifactKey: Guid(47f01289b13615f4ab11769de138ba81) Importer(815301076,1909f56bfc062723c751e8b465ee728b)
Start importing Assets/Sprites/Rubson_Lima.jpeg using Guid(47f01289b13615f4ab11769de138ba81) Importer(815301076,1909f56bfc062723c751e8b465ee728b)  -> (artifact id: '6dc5e2fab5b72fb8521df9d5f0028fbd') in 0.034245 seconds 
========================================================================
Received Import Request.
  Time since last request: 177.970919 seconds.
  path: Assets/Scripts/ButtonCreditos.cs
  artifactKey: Guid(d1d18a34048d68c458aee7582d85c13b) Importer(815301076,1909f56bfc062723c751e8b465ee728b)
Start importing Assets/Scripts/ButtonCreditos.cs using Guid(d1d18a34048d68c458aee7582d85c13b) Importer(815301076,1909f56bfc062723c751e8b465ee728b)  -> (artifact id: '00f9ed69ea4d74694e2c05ca680d1a2c') in 0.011052 seconds 
========================================================================
Received Prepare
Registering precompiled user dll's ...
Registered in 0.003296 seconds.
Begin MonoManager ReloadAssembly
Symbol file LoadedFromMemory doesn't match image C:\Users\codeb\Desktop\Arquivos\Curso Jogos Digitais\Jogo-Runner-Rayman\Library\PackageCache\com.unity.visualscripting@1.6.1\Editor\VisualScripting.Core\Dependencies\YamlDotNet\Unity.VisualScripting.YamlDotNet.dll
Symbol file LoadedFromMemory doesn't match image C:\Users\codeb\Desktop\Arquivos\Curso Jogos Digitais\Jogo-Runner-Rayman\Library\PackageCache\com.unity.visualscripting@1.6.1\Editor\VisualScripting.Core\Dependencies\DotNetZip\Unity.VisualScripting.IonicZip.dll
Native extension for WindowsStandalone target not found
Native extension for WebGL target not found
Refreshing native plugins compatible for Editor in 0.70 ms, found 2 plugins.
Preloading 0 native plugins for Editor in 0.00 ms.
Mono: successfully reloaded assembly
- Completed reload, in  1.112 seconds
Platform modules already initialized, skipping
Refreshing native plugins compatible for Editor in 1.05 ms, found 2 plugins.
Preloading 0 native plugins for Editor in 0.00 ms.
Unloading 3379 Unused Serialized files (Serialized files now loaded: 0)
System memory in use before: 133.6 MB.
System memory in use after: 133.9 MB.

Unloading 11 unused Assets to reduce memory usage. Loaded Objects now: 3942.
Total: 2.622400 ms (FindLiveObjects: 0.284600 ms CreateObjectMapping: 0.161100 ms MarkObjects: 2.156800 ms  DeleteObjects: 0.018800 ms)

========================================================================
Received Prepare
Registering precompiled user dll's ...
Registered in 0.002779 seconds.
Begin MonoManager ReloadAssembly
Symbol file LoadedFromMemory doesn't match image C:\Users\codeb\Desktop\Arquivos\Curso Jogos Digitais\Jogo-Runner-Rayman\Library\PackageCache\com.unity.visualscripting@1.6.1\Editor\VisualScripting.Core\Dependencies\YamlDotNet\Unity.VisualScripting.YamlDotNet.dll
Symbol file LoadedFromMemory doesn't match image C:\Users\codeb\Desktop\Arquivos\Curso Jogos Digitais\Jogo-Runner-Rayman\Library\PackageCache\com.unity.visualscripting@1.6.1\Editor\VisualScripting.Core\Dependencies\DotNetZip\Unity.VisualScripting.IonicZip.dll
Native extension for WindowsStandalone target not found
Native extension for WebGL target not found
Refreshing native plugins compatible for Editor in 0.62 ms, found 2 plugins.
Preloading 0 native plugins for Editor in 0.00 ms.
Mono: successfully reloaded assembly
- Completed reload, in  1.061 seconds
Platform modules already initialized, skipping
Refreshing native plugins compatible for Editor in 0.69 ms, found 2 plugins.
Preloading 0 native plugins for Editor in 0.00 ms.
Unloading 3376 Unused Serialized files (Serialized files now loaded: 0)
System memory in use before: 133.5 MB.
System memory in use after: 133.8 MB.

Unloading 11 unused Assets to reduce memory usage. Loaded Objects now: 3946.
Total: 3.003200 ms (FindLiveObjects: 0.405400 ms CreateObjectMapping: 0.174500 ms MarkObjects: 2.404100 ms  DeleteObjects: 0.018000 ms)

========================================================================
Received Prepare
Registering precompiled user dll's ...
Registered in 0.002856 seconds.
Begin MonoManager ReloadAssembly
Symbol file LoadedFromMemory doesn't match image C:\Users\codeb\Desktop\Arquivos\Curso Jogos Digitais\Jogo-Runner-Rayman\Library\PackageCache\com.unity.visualscripting@1.6.1\Editor\VisualScripting.Core\Dependencies\YamlDotNet\Unity.VisualScripting.YamlDotNet.dll
Symbol file LoadedFromMemory doesn't match image C:\Users\codeb\Desktop\Arquivos\Curso Jogos Digitais\Jogo-Runner-Rayman\Library\PackageCache\com.unity.visualscripting@1.6.1\Editor\VisualScripting.Core\Dependencies\DotNetZip\Unity.VisualScripting.IonicZip.dll
Native extension for WindowsStandalone target not found
Native extension for WebGL target not found
Refreshing native plugins compatible for Editor in 0.74 ms, found 2 plugins.
Preloading 0 native plugins for Editor in 0.00 ms.
Mono: successfully reloaded assembly
- Completed reload, in  1.006 seconds
Platform modules already initialized, skipping
Refreshing native plugins compatible for Editor in 0.76 ms, found 2 plugins.
Preloading 0 native plugins for Editor in 0.00 ms.
Unloading 3376 Unused Serialized files (Serialized files now loaded: 0)
System memory in use before: 133.5 MB.
System memory in use after: 133.8 MB.

Unloading 11 unused Assets to reduce memory usage. Loaded Objects now: 3950.
Total: 2.422700 ms (FindLiveObjects: 0.270800 ms CreateObjectMapping: 0.151400 ms MarkObjects: 1.982400 ms  DeleteObjects: 0.017200 ms)

========================================================================
Received Prepare
Registering precompiled user dll's ...
Registered in 0.003178 seconds.
Begin MonoManager ReloadAssembly
Symbol file LoadedFromMemory doesn't match image C:\Users\codeb\Desktop\Arquivos\Curso Jogos Digitais\Jogo-Runner-Rayman\Library\PackageCache\com.unity.visualscripting@1.6.1\Editor\VisualScripting.Core\Dependencies\YamlDotNet\Unity.VisualScripting.YamlDotNet.dll
Symbol file LoadedFromMemory doesn't match image C:\Users\codeb\Desktop\Arquivos\Curso Jogos Digitais\Jogo-Runner-Rayman\Library\PackageCache\com.unity.visualscripting@1.6.1\Editor\VisualScripting.Core\Dependencies\DotNetZip\Unity.VisualScripting.IonicZip.dll
Native extension for WindowsStandalone target not found
Native extension for WebGL target not found
Refreshing native plugins compatible for Editor in 0.81 ms, found 2 plugins.
Preloading 0 native plugins for Editor in 0.00 ms.
Mono: successfully reloaded assembly
- Completed reload, in  1.000 seconds
Platform modules already initialized, skipping
Refreshing native plugins compatible for Editor in 0.66 ms, found 2 plugins.
Preloading 0 native plugins for Editor in 0.00 ms.
Unloading 3376 Unused Serialized files (Serialized files now loaded: 0)
System memory in use before: 133.6 MB.
System memory in use after: 133.8 MB.

Unloading 11 unused Assets to reduce memory usage. Loaded Objects now: 3954.
Total: 2.731000 ms (FindLiveObjects: 0.276100 ms CreateObjectMapping: 0.145700 ms MarkObjects: 2.291600 ms  DeleteObjects: 0.016900 ms)

========================================================================
Received Prepare
Registering precompiled user dll's ...
Registered in 0.003018 seconds.
Begin MonoManager ReloadAssembly
Symbol file LoadedFromMemory doesn't match image C:\Users\codeb\Desktop\Arquivos\Curso Jogos Digitais\Jogo-Runner-Rayman\Library\PackageCache\com.unity.visualscripting@1.6.1\Editor\VisualScripting.Core\Dependencies\YamlDotNet\Unity.VisualScripting.YamlDotNet.dll
Symbol file LoadedFromMemory doesn't match image C:\Users\codeb\Desktop\Arquivos\Curso Jogos Digitais\Jogo-Runner-Rayman\Library\PackageCache\com.unity.visualscripting@1.6.1\Editor\VisualScripting.Core\Dependencies\DotNetZip\Unity.VisualScripting.IonicZip.dll
Native extension for WindowsStandalone target not found
Native extension for WebGL target not found
Refreshing native plugins compatible for Editor in 0.73 ms, found 2 plugins.
Preloading 0 native plugins for Editor in 0.00 ms.
Mono: successfully reloaded assembly
- Completed reload, in  0.987 seconds
Platform modules already initialized, skipping
Refreshing native plugins compatible for Editor in 0.65 ms, found 2 plugins.
Preloading 0 native plugins for Editor in 0.00 ms.
Unloading 3376 Unused Serialized files (Serialized files now loaded: 0)
System memory in use before: 133.6 MB.
System memory in use after: 133.8 MB.

Unloading 11 unused Assets to reduce memory usage. Loaded Objects now: 3958.
Total: 2.781400 ms (FindLiveObjects: 0.287200 ms CreateObjectMapping: 0.130400 ms MarkObjects: 2.340400 ms  DeleteObjects: 0.022600 ms)

========================================================================
Received Prepare
Registering precompiled user dll's ...
Registered in 0.002806 seconds.
Begin MonoManager ReloadAssembly
Symbol file LoadedFromMemory doesn't match image C:\Users\codeb\Desktop\Arquivos\Curso Jogos Digitais\Jogo-Runner-Rayman\Library\PackageCache\com.unity.visualscripting@1.6.1\Editor\VisualScripting.Core\Dependencies\YamlDotNet\Unity.VisualScripting.YamlDotNet.dll
Symbol file LoadedFromMemory doesn't match image C:\Users\codeb\Desktop\Arquivos\Curso Jogos Digitais\Jogo-Runner-Rayman\Library\PackageCache\com.unity.visualscripting@1.6.1\Editor\VisualScripting.Core\Dependencies\DotNetZip\Unity.VisualScripting.IonicZip.dll
Native extension for WindowsStandalone target not found
Native extension for WebGL target not found
Refreshing native plugins compatible for Editor in 0.75 ms, found 2 plugins.
Preloading 0 native plugins for Editor in 0.00 ms.
Mono: successfully reloaded assembly
- Completed reload, in  1.032 seconds
Platform modules already initialized, skipping
Refreshing native plugins compatible for Editor in 0.64 ms, found 2 plugins.
Preloading 0 native plugins for Editor in 0.00 ms.
Unloading 3376 Unused Serialized files (Serialized files now loaded: 0)
System memory in use before: 133.6 MB.
System memory in use after: 133.8 MB.

Unloading 11 unused Assets to reduce memory usage. Loaded Objects now: 3962.
Total: 2.661400 ms (FindLiveObjects: 0.304500 ms CreateObjectMapping: 0.192700 ms MarkObjects: 2.143300 ms  DeleteObjects: 0.020100 ms)

========================================================================
Received Prepare
Registering precompiled user dll's ...
Registered in 0.004503 seconds.
Begin MonoManager ReloadAssembly
Symbol file LoadedFromMemory doesn't match image C:\Users\codeb\Desktop\Arquivos\Curso Jogos Digitais\Jogo-Runner-Rayman\Library\PackageCache\com.unity.visualscripting@1.6.1\Editor\VisualScripting.Core\Dependencies\YamlDotNet\Unity.VisualScripting.YamlDotNet.dll
Symbol file LoadedFromMemory doesn't match image C:\Users\codeb\Desktop\Arquivos\Curso Jogos Digitais\Jogo-Runner-Rayman\Library\PackageCache\com.unity.visualscripting@1.6.1\Editor\VisualScripting.Core\Dependencies\DotNetZip\Unity.VisualScripting.IonicZip.dll
Native extension for WindowsStandalone target not found
Native extension for WebGL target not found
Refreshing native plugins compatible for Editor in 0.62 ms, found 2 plugins.
Preloading 0 native plugins for Editor in 0.00 ms.
Mono: successfully reloaded assembly
- Completed reload, in  1.026 seconds
Platform modules already initialized, skipping
Refreshing native plugins compatible for Editor in 0.73 ms, found 2 plugins.
Preloading 0 native plugins for Editor in 0.00 ms.
Unloading 3376 Unused Serialized files (Serialized files now loaded: 0)
System memory in use before: 133.6 MB.
System memory in use after: 133.8 MB.

Unloading 11 unused Assets to reduce memory usage. Loaded Objects now: 3966.
Total: 2.992500 ms (FindLiveObjects: 0.313500 ms CreateObjectMapping: 0.218800 ms MarkObjects: 2.419800 ms  DeleteObjects: 0.039400 ms)

========================================================================
Received Import Request.
  Time since last request: 941.856598 seconds.
  path: Assets/Sprites/icone_menu.png
  artifactKey: Guid(223c4d786e236bf47a18d3226d9c5668) Importer(815301076,1909f56bfc062723c751e8b465ee728b)
Start importing Assets/Sprites/icone_menu.png using Guid(223c4d786e236bf47a18d3226d9c5668) Importer(815301076,1909f56bfc062723c751e8b465ee728b)  -> (artifact id: '1fed1105d74e4194769a05cfc4536777') in 0.079484 seconds 
========================================================================
Received Prepare
Registering precompiled user dll's ...
Registered in 0.003046 seconds.
Begin MonoManager ReloadAssembly
Symbol file LoadedFromMemory doesn't match image C:\Users\codeb\Desktop\Arquivos\Curso Jogos Digitais\Jogo-Runner-Rayman\Library\PackageCache\com.unity.visualscripting@1.6.1\Editor\VisualScripting.Core\Dependencies\YamlDotNet\Unity.VisualScripting.YamlDotNet.dll
Symbol file LoadedFromMemory doesn't match image C:\Users\codeb\Desktop\Arquivos\Curso Jogos Digitais\Jogo-Runner-Rayman\Library\PackageCache\com.unity.visualscripting@1.6.1\Editor\VisualScripting.Core\Dependencies\DotNetZip\Unity.VisualScripting.IonicZip.dll
Native extension for WindowsStandalone target not found
Native extension for WebGL target not found
Refreshing native plugins compatible for Editor in 0.95 ms, found 2 plugins.
Preloading 0 native plugins for Editor in 0.00 ms.
Mono: successfully reloaded assembly
- Completed reload, in  1.016 seconds
Platform modules already initialized, skipping
Refreshing native plugins compatible for Editor in 0.67 ms, found 2 plugins.
Preloading 0 native plugins for Editor in 0.00 ms.
Unloading 3377 Unused Serialized files (Serialized files now loaded: 0)
System memory in use before: 134.3 MB.
System memory in use after: 134.5 MB.

Unloading 11 unused Assets to reduce memory usage. Loaded Objects now: 3986.
Total: 2.525600 ms (FindLiveObjects: 0.269900 ms CreateObjectMapping: 0.133700 ms MarkObjects: 2.102600 ms  DeleteObjects: 0.018800 ms)

========================================================================
Received Import Request.
  Time since last request: 278.413575 seconds.
  path: Assets/Scenes/Level2.unity
  artifactKey: Guid(a8422f597a0916a439343895433af2af) Importer(815301076,1909f56bfc062723c751e8b465ee728b)
Start importing Assets/Scenes/Level2.unity using Guid(a8422f597a0916a439343895433af2af) Importer(815301076,1909f56bfc062723c751e8b465ee728b)  -> (artifact id: 'b2869f88504e369f72bbdbef68a9b3cb') in 0.014303 seconds 
========================================================================
Received Prepare
Registering precompiled user dll's ...
Registered in 0.002786 seconds.
Begin MonoManager ReloadAssembly
Symbol file LoadedFromMemory doesn't match image C:\Users\codeb\Desktop\Arquivos\Curso Jogos Digitais\Jogo-Runner-Rayman\Library\PackageCache\com.unity.visualscripting@1.6.1\Editor\VisualScripting.Core\Dependencies\YamlDotNet\Unity.VisualScripting.YamlDotNet.dll
Symbol file LoadedFromMemory doesn't match image C:\Users\codeb\Desktop\Arquivos\Curso Jogos Digitais\Jogo-Runner-Rayman\Library\PackageCache\com.unity.visualscripting@1.6.1\Editor\VisualScripting.Core\Dependencies\DotNetZip\Unity.VisualScripting.IonicZip.dll
Native extension for WindowsStandalone target not found
Native extension for WebGL target not found
Refreshing native plugins compatible for Editor in 0.77 ms, found 2 plugins.
Preloading 0 native plugins for Editor in 0.00 ms.
Mono: successfully reloaded assembly
- Completed reload, in  1.103 seconds
Platform modules already initialized, skipping
Refreshing native plugins compatible for Editor in 0.70 ms, found 2 plugins.
Preloading 0 native plugins for Editor in 0.00 ms.
Unloading 3376 Unused Serialized files (Serialized files now loaded: 0)
System memory in use before: 134.3 MB.
System memory in use after: 134.5 MB.

Unloading 11 unused Assets to reduce memory usage. Loaded Objects now: 3990.
Total: 3.023400 ms (FindLiveObjects: 0.387800 ms CreateObjectMapping: 0.249300 ms MarkObjects: 2.365100 ms  DeleteObjects: 0.020200 ms)

========================================================================
Received Import Request.
  Time since last request: 93.408698 seconds.
  path: Assets/Scenes/Level1.unity
  artifactKey: Guid(2cda990e2423bbf4892e6590ba056729) Importer(815301076,1909f56bfc062723c751e8b465ee728b)
Start importing Assets/Scenes/Level1.unity using Guid(2cda990e2423bbf4892e6590ba056729) Importer(815301076,1909f56bfc062723c751e8b465ee728b)  -> (artifact id: '7da8f5c187dba021acc03c56e2a28239') in 0.062640 seconds 
========================================================================
Received Import Request.
  Time since last request: 1.771319 seconds.
  path: Assets/Scenes/Level3.unity
  artifactKey: Guid(acc10e3ef5b35e44ba0a5094bb8d1977) Importer(815301076,1909f56bfc062723c751e8b465ee728b)
Start importing Assets/Scenes/Level3.unity using Guid(acc10e3ef5b35e44ba0a5094bb8d1977) Importer(815301076,1909f56bfc062723c751e8b465ee728b)  -> (artifact id: 'a5b8fc72b62519522b600416a848abb0') in 0.005176 seconds 
========================================================================
Received Prepare
Registering precompiled user dll's ...
Registered in 0.002777 seconds.
Begin MonoManager ReloadAssembly
Symbol file LoadedFromMemory doesn't match image C:\Users\codeb\Desktop\Arquivos\Curso Jogos Digitais\Jogo-Runner-Rayman\Library\PackageCache\com.unity.visualscripting@1.6.1\Editor\VisualScripting.Core\Dependencies\YamlDotNet\Unity.VisualScripting.YamlDotNet.dll
Symbol file LoadedFromMemory doesn't match image C:\Users\codeb\Desktop\Arquivos\Curso Jogos Digitais\Jogo-Runner-Rayman\Library\PackageCache\com.unity.visualscripting@1.6.1\Editor\VisualScripting.Core\Dependencies\DotNetZip\Unity.VisualScripting.IonicZip.dll
Native extension for WindowsStandalone target not found
Native extension for WebGL target not found
Refreshing native plugins compatible for Editor in 0.75 ms, found 2 plugins.
Preloading 0 native plugins for Editor in 0.00 ms.
Mono: successfully reloaded assembly
- Completed reload, in  1.003 seconds
Platform modules already initialized, skipping
Refreshing native plugins compatible for Editor in 0.63 ms, found 2 plugins.
Preloading 0 native plugins for Editor in 0.00 ms.
Unloading 3376 Unused Serialized files (Serialized files now loaded: 0)
System memory in use before: 134.3 MB.
System memory in use after: 134.5 MB.

Unloading 11 unused Assets to reduce memory usage. Loaded Objects now: 3994.
Total: 2.598700 ms (FindLiveObjects: 0.296700 ms CreateObjectMapping: 0.159100 ms MarkObjects: 2.125500 ms  DeleteObjects: 0.016200 ms)

========================================================================
Received Import Request.
  Time since last request: 12.734187 seconds.
  path: Assets/Scenes/MENU.unity
  artifactKey: Guid(d0e1d53c77b584d479c0f4c05808869a) Importer(815301076,1909f56bfc062723c751e8b465ee728b)
Start importing Assets/Scenes/MENU.unity using Guid(d0e1d53c77b584d479c0f4c05808869a) Importer(815301076,1909f56bfc062723c751e8b465ee728b)  -> (artifact id: '85fb217f0c21bb6926e89e754905ad5f') in 0.058375 seconds 
========================================================================
Received Prepare
Registering precompiled user dll's ...
Registered in 0.002829 seconds.
Begin MonoManager ReloadAssembly
Symbol file LoadedFromMemory doesn't match image C:\Users\codeb\Desktop\Arquivos\Curso Jogos Digitais\Jogo-Runner-Rayman\Library\PackageCache\com.unity.visualscripting@1.6.1\Editor\VisualScripting.Core\Dependencies\YamlDotNet\Unity.VisualScripting.YamlDotNet.dll
Symbol file LoadedFromMemory doesn't match image C:\Users\codeb\Desktop\Arquivos\Curso Jogos Digitais\Jogo-Runner-Rayman\Library\PackageCache\com.unity.visualscripting@1.6.1\Editor\VisualScripting.Core\Dependencies\DotNetZip\Unity.VisualScripting.IonicZip.dll
Native extension for WindowsStandalone target not found
Native extension for WebGL target not found
Refreshing native plugins compatible for Editor in 0.74 ms, found 2 plugins.
Preloading 0 native plugins for Editor in 0.00 ms.
Mono: successfully reloaded assembly
- Completed reload, in  1.015 seconds
Platform modules already initialized, skipping
Refreshing native plugins compatible for Editor in 0.68 ms, found 2 plugins.
Preloading 0 native plugins for Editor in 0.00 ms.
Unloading 3376 Unused Serialized files (Serialized files now loaded: 0)
System memory in use before: 134.3 MB.
System memory in use after: 134.5 MB.

Unloading 11 unused Assets to reduce memory usage. Loaded Objects now: 3998.
Total: 3.805600 ms (FindLiveObjects: 0.474300 ms CreateObjectMapping: 0.307300 ms MarkObjects: 2.991000 ms  DeleteObjects: 0.031600 ms)

