Using pre-set license
Built from '2021.1/staging' branch; Version is '2021.1.5f1 (3737af19df53) revision 3618735'; Using compiler version '192528614'; Build Type 'Release'
OS: 'Windows 10 Home Single Language; OS build 19042.985; Version 2009; 64bit' Language: 'pt' Physical Memory: 8083 MB
BatchMode: 1, IsHumanControllingUs: 0, StartBugReporterOnCrash: 0, Is64bit: 1, IsPro: 0

 COMMAND LINE ARGUMENTS:
C:\Program Files\Unity\Hub\Editor\2021.1.5f1\Editor\Unity.exe
-adb2
-batchMode
-noUpm
-name
AssetImportWorker3
-projectPath
C:/Users/codeb/Desktop/Curso Jogos Digitais/Jogo-Runner-Rayman
-logFile
Logs/AssetImportWorker3.log
-srvPort
55821
Successfully changed project path to: C:/Users/codeb/Desktop/Curso Jogos Digitais/Jogo-Runner-Rayman
C:/Users/codeb/Desktop/Curso Jogos Digitais/Jogo-Runner-Rayman
Using Asset Import Pipeline V2.
Refreshing native plugins compatible for Editor in 113.11 ms, found 2 plugins.
Preloading 0 native plugins for Editor in 0.00 ms.
Initialize engine version: 2021.1.5f1 (3737af19df53)
[Subsystems] Discovering subsystems at path C:/Program Files/Unity/Hub/Editor/2021.1.5f1/Editor/Data/Resources/UnitySubsystems
[Subsystems] Discovering subsystems at path C:/Users/codeb/Desktop/Curso Jogos Digitais/Jogo-Runner-Rayman/Assets
GfxDevice: creating device client; threaded=0; jobified=0
Direct3D:
    Version:  Direct3D 11.0 [level 11.0]
    Renderer: NVIDIA GeForce MX110 (ID=0x174e)
    Vendor:   NVIDIA
    VRAM:     2010 MB
    Driver:   27.21.14.5167
Initialize mono
Mono path[0] = 'C:/Program Files/Unity/Hub/Editor/2021.1.5f1/Editor/Data/Managed'
Mono path[1] = 'C:/Program Files/Unity/Hub/Editor/2021.1.5f1/Editor/Data/MonoBleedingEdge/lib/mono/unityjit'
Mono config path = 'C:/Program Files/Unity/Hub/Editor/2021.1.5f1/Editor/Data/MonoBleedingEdge/etc'
Using monoOptions --debugger-agent=transport=dt_socket,embedding=1,server=y,suspend=n,address=127.0.0.1:56868
Begin MonoManager ReloadAssembly
Registering precompiled unity dll's ...
Register platform support module: C:/Program Files/Unity/Hub/Editor/2021.1.5f1/Editor/Data/PlaybackEngines/WindowsStandaloneSupport/UnityEditor.WindowsStandalone.Extensions.dll
Registered in 0.001907 seconds.
Native extension for WindowsStandalone target not found
Refreshing native plugins compatible for Editor in 109.28 ms, found 2 plugins.
Preloading 0 native plugins for Editor in 0.00 ms.
Mono: successfully reloaded assembly
- Completed reload, in  1.974 seconds
Platform modules already initialized, skipping
Registering precompiled user dll's ...
Registered in 0.002810 seconds.
Begin MonoManager ReloadAssembly
Symbol file LoadedFromMemory doesn't match image C:\Users\codeb\Desktop\Curso Jogos Digitais\Jogo-Runner-Rayman\Library\PackageCache\com.unity.visualscripting@1.6.1\Editor\VisualScripting.Core\Dependencies\YamlDotNet\Unity.VisualScripting.YamlDotNet.dll
Symbol file LoadedFromMemory doesn't match image C:\Users\codeb\Desktop\Curso Jogos Digitais\Jogo-Runner-Rayman\Library\PackageCache\com.unity.visualscripting@1.6.1\Editor\VisualScripting.Core\Dependencies\DotNetZip\Unity.VisualScripting.IonicZip.dll
Native extension for WindowsStandalone target not found
Refreshing native plugins compatible for Editor in 104.45 ms, found 2 plugins.
Preloading 0 native plugins for Editor in 0.00 ms.
Mono: successfully reloaded assembly
- Completed reload, in  3.111 seconds
Platform modules already initialized, skipping
========================================================================
Worker process is ready to serve import requests
Launched and connected shader compiler UnityShaderCompiler.exe after 0.37 seconds
Refreshing native plugins compatible for Editor in 0.59 ms, found 2 plugins.
Preloading 0 native plugins for Editor in 0.00 ms.
Unloading 3379 Unused Serialized files (Serialized files now loaded: 0)
System memory in use before: 127.9 MB.
System memory in use after: 128.1 MB.

Unloading 23 unused Assets to reduce memory usage. Loaded Objects now: 3837.
Total: 195.216500 ms (FindLiveObjects: 0.301100 ms CreateObjectMapping: 0.170700 ms MarkObjects: 194.634600 ms  DeleteObjects: 0.108500 ms)

========================================================================
Received Import Request.
  path: Assets/Grass Plataform Palette.prefab
  artifactKey: Guid(b2cb77473c43a644681761575f464f11) Importer(815301076,1909f56bfc062723c751e8b465ee728b)
Start importing Assets/Grass Plataform Palette.prefab using Guid(b2cb77473c43a644681761575f464f11) Importer(815301076,1909f56bfc062723c751e8b465ee728b)  -> (artifact id: '1a707761303076758db7ba46a8f4042e') in 0.485081 seconds 
========================================================================
Received Import Request.
  Time since last request: 34.388113 seconds.
  path: Assets/Scenes/SampleScene.unity
  artifactKey: Guid(2cda990e2423bbf4892e6590ba056729) Importer(815301076,1909f56bfc062723c751e8b465ee728b)
Start importing Assets/Scenes/SampleScene.unity using Guid(2cda990e2423bbf4892e6590ba056729) Importer(815301076,1909f56bfc062723c751e8b465ee728b)  -> (artifact id: '7cfb635a0d85b0f486057ad67f581090') in 0.052552 seconds 
========================================================================
Received Prepare
Registering precompiled user dll's ...
Registered in 0.002753 seconds.
Begin MonoManager ReloadAssembly
Symbol file LoadedFromMemory doesn't match image C:\Users\codeb\Desktop\Curso Jogos Digitais\Jogo-Runner-Rayman\Library\PackageCache\com.unity.visualscripting@1.6.1\Editor\VisualScripting.Core\Dependencies\YamlDotNet\Unity.VisualScripting.YamlDotNet.dll
Symbol file LoadedFromMemory doesn't match image C:\Users\codeb\Desktop\Curso Jogos Digitais\Jogo-Runner-Rayman\Library\PackageCache\com.unity.visualscripting@1.6.1\Editor\VisualScripting.Core\Dependencies\DotNetZip\Unity.VisualScripting.IonicZip.dll
Native extension for WindowsStandalone target not found
Refreshing native plugins compatible for Editor in 0.67 ms, found 2 plugins.
Preloading 0 native plugins for Editor in 0.00 ms.
Mono: successfully reloaded assembly
- Completed reload, in  1.011 seconds
Platform modules already initialized, skipping
Refreshing native plugins compatible for Editor in 0.69 ms, found 2 plugins.
Preloading 0 native plugins for Editor in 0.00 ms.
Unloading 3369 Unused Serialized files (Serialized files now loaded: 0)
System memory in use before: 127.4 MB.
System memory in use after: 127.7 MB.

Unloading 11 unused Assets to reduce memory usage. Loaded Objects now: 3841.
Total: 2.789400 ms (FindLiveObjects: 0.262800 ms CreateObjectMapping: 0.157400 ms MarkObjects: 2.348700 ms  DeleteObjects: 0.019600 ms)

========================================================================
Received Prepare
Registering precompiled user dll's ...
Registered in 0.002578 seconds.
Begin MonoManager ReloadAssembly
Symbol file LoadedFromMemory doesn't match image C:\Users\codeb\Desktop\Curso Jogos Digitais\Jogo-Runner-Rayman\Library\PackageCache\com.unity.visualscripting@1.6.1\Editor\VisualScripting.Core\Dependencies\YamlDotNet\Unity.VisualScripting.YamlDotNet.dll
Symbol file LoadedFromMemory doesn't match image C:\Users\codeb\Desktop\Curso Jogos Digitais\Jogo-Runner-Rayman\Library\PackageCache\com.unity.visualscripting@1.6.1\Editor\VisualScripting.Core\Dependencies\DotNetZip\Unity.VisualScripting.IonicZip.dll
Native extension for WindowsStandalone target not found
Refreshing native plugins compatible for Editor in 0.61 ms, found 2 plugins.
Preloading 0 native plugins for Editor in 0.00 ms.
Mono: successfully reloaded assembly
- Completed reload, in  1.013 seconds
Platform modules already initialized, skipping
Refreshing native plugins compatible for Editor in 0.62 ms, found 2 plugins.
Preloading 0 native plugins for Editor in 0.00 ms.
Unloading 3369 Unused Serialized files (Serialized files now loaded: 0)
System memory in use before: 127.5 MB.
System memory in use after: 127.7 MB.

Unloading 11 unused Assets to reduce memory usage. Loaded Objects now: 3845.
Total: 2.402800 ms (FindLiveObjects: 0.267700 ms CreateObjectMapping: 0.145100 ms MarkObjects: 1.966700 ms  DeleteObjects: 0.022300 ms)

========================================================================
Received Prepare
Registering precompiled user dll's ...
Registered in 0.002716 seconds.
Begin MonoManager ReloadAssembly
Symbol file LoadedFromMemory doesn't match image C:\Users\codeb\Desktop\Curso Jogos Digitais\Jogo-Runner-Rayman\Library\PackageCache\com.unity.visualscripting@1.6.1\Editor\VisualScripting.Core\Dependencies\YamlDotNet\Unity.VisualScripting.YamlDotNet.dll
Symbol file LoadedFromMemory doesn't match image C:\Users\codeb\Desktop\Curso Jogos Digitais\Jogo-Runner-Rayman\Library\PackageCache\com.unity.visualscripting@1.6.1\Editor\VisualScripting.Core\Dependencies\DotNetZip\Unity.VisualScripting.IonicZip.dll
Native extension for WindowsStandalone target not found
Refreshing native plugins compatible for Editor in 0.61 ms, found 2 plugins.
Preloading 0 native plugins for Editor in 0.00 ms.
Mono: successfully reloaded assembly
- Completed reload, in  1.022 seconds
Platform modules already initialized, skipping
Refreshing native plugins compatible for Editor in 0.60 ms, found 2 plugins.
Preloading 0 native plugins for Editor in 0.00 ms.
Unloading 3369 Unused Serialized files (Serialized files now loaded: 0)
System memory in use before: 127.5 MB.
System memory in use after: 127.8 MB.

Unloading 11 unused Assets to reduce memory usage. Loaded Objects now: 3849.
Total: 2.766400 ms (FindLiveObjects: 0.308500 ms CreateObjectMapping: 0.141900 ms MarkObjects: 2.275400 ms  DeleteObjects: 0.039600 ms)

========================================================================
Received Import Request.
  Time since last request: 346.720720 seconds.
  path: Assets/Prefabs/Tiros/Laser.prefab
  artifactKey: Guid(a3cf1db91393305458f15cc37882b3cc) Importer(815301076,1909f56bfc062723c751e8b465ee728b)
Start importing Assets/Prefabs/Tiros/Laser.prefab using Guid(a3cf1db91393305458f15cc37882b3cc) Importer(815301076,1909f56bfc062723c751e8b465ee728b)  -> (artifact id: '9f0867fb683fbd71113e2377b1fc382f') in 0.033118 seconds 
========================================================================
Received Import Request.
  Time since last request: 0.000383 seconds.
  path: Assets/Prefabs/Tiros/laserGreen10.png
  artifactKey: Guid(4892a9f9119895b44b4a9edcb024cb1b) Importer(815301076,1909f56bfc062723c751e8b465ee728b)
Start importing Assets/Prefabs/Tiros/laserGreen10.png using Guid(4892a9f9119895b44b4a9edcb024cb1b) Importer(815301076,1909f56bfc062723c751e8b465ee728b)  -> (artifact id: '4978868d18ea48e9bac48221792677cd') in 0.415196 seconds 
========================================================================
Received Import Request.
  Time since last request: 0.000283 seconds.
  path: Assets/Prefabs/Tiros
  artifactKey: Guid(2f528d8ed005a5a48b22693bfe079767) Importer(815301076,1909f56bfc062723c751e8b465ee728b)
Start importing Assets/Prefabs/Tiros using Guid(2f528d8ed005a5a48b22693bfe079767) Importer(815301076,1909f56bfc062723c751e8b465ee728b)  -> (artifact id: 'c79b8de21fe03a6d5f9430b1e2afc70b') in 0.007180 seconds 
========================================================================
Received Prepare
Registering precompiled user dll's ...
Registered in 0.812588 seconds.
Begin MonoManager ReloadAssembly
Symbol file LoadedFromMemory doesn't match image C:\Users\codeb\Desktop\Curso Jogos Digitais\Jogo-Runner-Rayman\Library\PackageCache\com.unity.visualscripting@1.6.1\Editor\VisualScripting.Core\Dependencies\YamlDotNet\Unity.VisualScripting.YamlDotNet.dll
Symbol file LoadedFromMemory doesn't match image C:\Users\codeb\Desktop\Curso Jogos Digitais\Jogo-Runner-Rayman\Library\PackageCache\com.unity.visualscripting@1.6.1\Editor\VisualScripting.Core\Dependencies\DotNetZip\Unity.VisualScripting.IonicZip.dll
Native extension for WindowsStandalone target not found
Refreshing native plugins compatible for Editor in 13.68 ms, found 2 plugins.
Preloading 0 native plugins for Editor in 0.00 ms.
Mono: successfully reloaded assembly
- Completed reload, in  5.357 seconds
Platform modules already initialized, skipping
Refreshing native plugins compatible for Editor in 0.83 ms, found 2 plugins.
Preloading 0 native plugins for Editor in 0.00 ms.
Unloading 3370 Unused Serialized files (Serialized files now loaded: 0)
System memory in use before: 131.6 MB.
System memory in use after: 131.9 MB.

Unloading 11 unused Assets to reduce memory usage. Loaded Objects now: 3874.
Total: 40.993800 ms (FindLiveObjects: 0.365200 ms CreateObjectMapping: 0.219700 ms MarkObjects: 40.379500 ms  DeleteObjects: 0.027500 ms)

========================================================================
Received Import Request.
  Time since last request: 3384.838809 seconds.
  path: Assets/Prefabs/Tiros/laserGreen10.prefab
  artifactKey: Guid(29f50e7fba25e504fb275917a1231e0e) Importer(815301076,1909f56bfc062723c751e8b465ee728b)
Start importing Assets/Prefabs/Tiros/laserGreen10.prefab using Guid(29f50e7fba25e504fb275917a1231e0e) Importer(815301076,1909f56bfc062723c751e8b465ee728b)  -> (artifact id: 'b7f928ac4d2856051c5a46740aa01ec5') in 0.898633 seconds 
========================================================================
Received Import Request.
  Time since last request: 156.300352 seconds.
  path: Assets/Prefabs/Tiros/laserGreen10.prefab
  artifactKey: Guid(29f50e7fba25e504fb275917a1231e0e) Importer(815301076,1909f56bfc062723c751e8b465ee728b)
Start importing Assets/Prefabs/Tiros/laserGreen10.prefab using Guid(29f50e7fba25e504fb275917a1231e0e) Importer(815301076,1909f56bfc062723c751e8b465ee728b)  -> (artifact id: '4dce31187cfae0111de4e274a8b66f3a') in 0.033283 seconds 
========================================================================
Received Import Request.
  Time since last request: 20.426428 seconds.
  path: Assets/Prefabs/Tiros/laserGreen10.prefab
  artifactKey: Guid(29f50e7fba25e504fb275917a1231e0e) Importer(815301076,1909f56bfc062723c751e8b465ee728b)
Start importing Assets/Prefabs/Tiros/laserGreen10.prefab using Guid(29f50e7fba25e504fb275917a1231e0e) Importer(815301076,1909f56bfc062723c751e8b465ee728b)  -> (artifact id: '0c096d7886c3b48123bbcd848af4c1be') in 0.010972 seconds 
========================================================================
Received Import Request.
  Time since last request: 3.277115 seconds.
  path: Assets/Prefabs/Tiros/laserGreen10.prefab
  artifactKey: Guid(29f50e7fba25e504fb275917a1231e0e) Importer(815301076,1909f56bfc062723c751e8b465ee728b)
Start importing Assets/Prefabs/Tiros/laserGreen10.prefab using Guid(29f50e7fba25e504fb275917a1231e0e) Importer(815301076,1909f56bfc062723c751e8b465ee728b)  -> (artifact id: '73df6ef1c57ada74580451405700378b') in 0.009255 seconds 
========================================================================
Received Import Request.
  Time since last request: 26.654656 seconds.
  path: Assets/Prefabs/Tiros/laserGreen10.prefab
  artifactKey: Guid(29f50e7fba25e504fb275917a1231e0e) Importer(815301076,1909f56bfc062723c751e8b465ee728b)
Start importing Assets/Prefabs/Tiros/laserGreen10.prefab using Guid(29f50e7fba25e504fb275917a1231e0e) Importer(815301076,1909f56bfc062723c751e8b465ee728b)  -> (artifact id: '2fcd7aac8eabb7ffd3e25d0c9230c633') in 0.030873 seconds 
========================================================================
Received Import Request.
  Time since last request: 16.459885 seconds.
  path: Assets/Prefabs/Tiros/laserGreen10.prefab
  artifactKey: Guid(29f50e7fba25e504fb275917a1231e0e) Importer(815301076,1909f56bfc062723c751e8b465ee728b)
Start importing Assets/Prefabs/Tiros/laserGreen10.prefab using Guid(29f50e7fba25e504fb275917a1231e0e) Importer(815301076,1909f56bfc062723c751e8b465ee728b)  -> (artifact id: 'dafad1473e7c9dc3bfdd17cf8aa55710') in 0.026607 seconds 
========================================================================
Received Import Request.
  Time since last request: 20.762902 seconds.
  path: Assets/Prefabs/Tiros/laserGreen10.prefab
  artifactKey: Guid(29f50e7fba25e504fb275917a1231e0e) Importer(815301076,1909f56bfc062723c751e8b465ee728b)
Start importing Assets/Prefabs/Tiros/laserGreen10.prefab using Guid(29f50e7fba25e504fb275917a1231e0e) Importer(815301076,1909f56bfc062723c751e8b465ee728b)  -> (artifact id: '97adaf4a9df3574d467594de80bb1d65') in 0.011603 seconds 
========================================================================
Received Prepare
Registering precompiled user dll's ...
Registered in 0.113867 seconds.
Begin MonoManager ReloadAssembly
Symbol file LoadedFromMemory doesn't match image C:\Users\codeb\Desktop\Curso Jogos Digitais\Jogo-Runner-Rayman\Library\PackageCache\com.unity.visualscripting@1.6.1\Editor\VisualScripting.Core\Dependencies\YamlDotNet\Unity.VisualScripting.YamlDotNet.dll
Symbol file LoadedFromMemory doesn't match image C:\Users\codeb\Desktop\Curso Jogos Digitais\Jogo-Runner-Rayman\Library\PackageCache\com.unity.visualscripting@1.6.1\Editor\VisualScripting.Core\Dependencies\DotNetZip\Unity.VisualScripting.IonicZip.dll
Native extension for WindowsStandalone target not found
Refreshing native plugins compatible for Editor in 1.64 ms, found 2 plugins.
Preloading 0 native plugins for Editor in 0.00 ms.
Mono: successfully reloaded assembly
- Completed reload, in  8.089 seconds
Platform modules already initialized, skipping
Refreshing native plugins compatible for Editor in 2.18 ms, found 2 plugins.
Preloading 0 native plugins for Editor in 0.00 ms.
Unloading 3369 Unused Serialized files (Serialized files now loaded: 0)
System memory in use before: 131.6 MB.
System memory in use after: 131.9 MB.

Unloading 11 unused Assets to reduce memory usage. Loaded Objects now: 3883.
Total: 84.206700 ms (FindLiveObjects: 0.388900 ms CreateObjectMapping: 0.299100 ms MarkObjects: 83.428400 ms  DeleteObjects: 0.086300 ms)

